{
  "stats": {
    "suites": 1,
    "tests": 1,
    "passes": 0,
    "pending": 0,
    "failures": 1,
    "start": "2023-10-27T16:46:51.957Z",
    "end": "2023-10-27T16:47:14.055Z",
    "duration": 22098,
    "testsRegistered": 1,
    "passPercent": 0,
    "pendingPercent": 0,
    "other": 0,
    "hasOther": false,
    "skipped": 0,
    "hasSkipped": false
  },
  "results": [
    {
      "uuid": "6ef67267-6f87-4513-9792-d2df3637e75e",
      "title": "",
      "fullFile": "cypress\\e2e\\scenarioSteps\\boynerErkek.feature",
      "file": "cypress\\e2e\\scenarioSteps\\boynerErkek.feature",
      "beforeHooks": [],
      "afterHooks": [],
      "tests": [],
      "suites": [
        {
          "uuid": "80ece247-e2cd-4643-8e5f-c83678315bc5",
          "title": "Boyner",
          "fullFile": "",
          "file": "",
          "beforeHooks": [],
          "afterHooks": [],
          "tests": [
            {
              "title": "Ceket",
              "fullTitle": "Boyner Ceket",
              "timedOut": null,
              "duration": 17189,
              "state": "failed",
              "speed": null,
              "pass": false,
              "fail": true,
              "pending": false,
              "context": null,
              "code": "const state = window.testState;\nreturn cy\n  .then(() => state.onStartScenario(scenario, indexedSteps))\n  .then(() =>\n    resolveAndRunBeforeHooks.call(this, scenario.tags, state.feature.name)\n  )\n  .then(() =>\n    indexedSteps.forEach((step) =>\n      stepTest.call(this, state, step, rowData)\n    )\n  )\n  .then(() => state.onFinishScenario(scenario));",
              "err": {
                "message": "CypressError: `cy.type()` can only accept a string or number. You passed in: `undefined`\n\nhttps://on.cypress.io/type",
                "estack": "CypressError: `cy.type()` can only accept a string or number. You passed in: `undefined`\n\nhttps://on.cypress.io/type\n    at Context.type (https://www.boyner.com.tr/__cypress/runner/cypress_runner.js:114351:68)\n    at wrapped (https://www.boyner.com.tr/__cypress/runner/cypress_runner.js:138509:19)\nFrom Your Spec Code:\n    at BoynerMan.searchProduct (cypress/pages/boynerMan.js:34:61)\n    at Context.eval (cypress/e2e/stepDefinitions/boynerErkek.js:41:14)\n    at Context.resolveAndRunStepDefinition (node_modules/cypress-cucumber-preprocessor/lib/resolveStepDefinition.js:193:0)\n    at Context.eval (node_modules/cypress-cucumber-preprocessor/lib/createTestFromScenario.js:27:0)",
                "diff": null
              },
              "uuid": "a13109e8-7334-4bdf-abe0-ef8e11eca71c",
              "parentUUID": "80ece247-e2cd-4643-8e5f-c83678315bc5",
              "isHook": false,
              "skipped": false
            }
          ],
          "suites": [],
          "passes": [],
          "failures": [
            "a13109e8-7334-4bdf-abe0-ef8e11eca71c"
          ],
          "pending": [],
          "skipped": [],
          "duration": 17189,
          "root": false,
          "rootEmpty": false,
          "_timeout": 2000
        }
      ],
      "passes": [],
      "failures": [],
      "pending": [],
      "skipped": [],
      "duration": 0,
      "root": true,
      "rootEmpty": true,
      "_timeout": 2000
    }
  ],
  "meta": {
    "mocha": {
      "version": "7.0.1"
    },
    "mochawesome": {
      "options": {
        "quiet": false,
        "reportFilename": "mochawesome",
        "saveHtml": false,
        "saveJson": true,
        "consoleReporter": "spec",
        "useInlineDiffs": false,
        "code": true
      },
      "version": "7.1.3"
    },
    "marge": {
      "options": {
        "overwrite": false,
        "html": false,
        "json": true,
        "reportDir": "cypress\\reports\\html\\.jsons"
      },
      "version": "6.2.0"
    }
  }
}